[DEBUG] 2024-06-25 11:29:50,277 org.springframework.test.context.junit4.SpringJUnit4ClassRunner <init> - SpringJUnit4ClassRunner constructor called with [class com.edu.test.Test_Spring_JUnit]
[DEBUG] 2024-06-25 11:29:50,286 org.springframework.test.context.BootstrapUtils createCacheAwareContextLoaderDelegate - Instantiating CacheAwareContextLoaderDelegate from class [org.springframework.test.context.cache.DefaultCacheAwareContextLoaderDelegate]
[DEBUG] 2024-06-25 11:29:50,292 org.springframework.test.context.BootstrapUtils createBootstrapContext - Instantiating BootstrapContext using constructor [public org.springframework.test.context.support.DefaultBootstrapContext(java.lang.Class,org.springframework.test.context.CacheAwareContextLoaderDelegate)]
[DEBUG] 2024-06-25 11:29:50,309 org.springframework.test.context.BootstrapUtils resolveTestContextBootstrapper - Instantiating TestContextBootstrapper for test class [com.edu.test.Test_Spring_JUnit] from class [org.springframework.test.context.support.DefaultTestContextBootstrapper]
[TRACE] 2024-06-25 11:29:50,317 org.springframework.test.context.support.ContextLoaderUtils convertContextConfigToConfigAttributesAndAddToList - Retrieved @ContextConfiguration [@org.springframework.test.context.ContextConfiguration(classes={}, inheritInitializers=true, inheritLocations=true, initializers={}, loader=org.springframework.test.context.ContextLoader.class, locations={"file:src/main/webapp/WEB-INF/spring/appServlet/root-context.xml"}, name="", value={"file:src/main/webapp/WEB-INF/spring/appServlet/root-context.xml"})] for declaring class [com.edu.test.Test_Spring_JUnit].
[TRACE] 2024-06-25 11:29:50,319 org.springframework.test.context.support.ContextLoaderUtils convertContextConfigToConfigAttributesAndAddToList - Resolved context configuration attributes: [ContextConfigurationAttributes@3b2da18f declaringClass = 'com.edu.test.Test_Spring_JUnit', classes = '{}', locations = '{file:src/main/webapp/WEB-INF/spring/appServlet/root-context.xml}', inheritLocations = true, initializers = '{}', inheritInitializers = true, name = [null], contextLoaderClass = 'org.springframework.test.context.ContextLoader']
[TRACE] 2024-06-25 11:29:50,320 org.springframework.test.context.support.DefaultTestContextBootstrapper resolveExplicitContextLoaderClass - Resolving ContextLoader for context configuration attributes [ContextConfigurationAttributes@3b2da18f declaringClass = 'com.edu.test.Test_Spring_JUnit', classes = '{}', locations = '{file:src/main/webapp/WEB-INF/spring/appServlet/root-context.xml}', inheritLocations = true, initializers = '{}', inheritInitializers = true, name = [null], contextLoaderClass = 'org.springframework.test.context.ContextLoader']
[TRACE] 2024-06-25 11:29:50,320 org.springframework.test.context.support.DefaultTestContextBootstrapper resolveContextLoader - Using ContextLoader class [org.springframework.test.context.support.DelegatingSmartContextLoader] for test class [com.edu.test.Test_Spring_JUnit]
[TRACE] 2024-06-25 11:29:50,322 org.springframework.test.context.support.DefaultTestContextBootstrapper buildMergedContextConfiguration - Processing locations and classes for context configuration attributes [ContextConfigurationAttributes@3b2da18f declaringClass = 'com.edu.test.Test_Spring_JUnit', classes = '{}', locations = '{file:src/main/webapp/WEB-INF/spring/appServlet/root-context.xml}', inheritLocations = true, initializers = '{}', inheritInitializers = true, name = [null], contextLoaderClass = 'org.springframework.test.context.ContextLoader']
[DEBUG] 2024-06-25 11:29:50,323 org.springframework.test.context.support.AbstractDelegatingSmartContextLoader delegateProcessing - Delegating to GenericXmlContextLoader to process context configuration [ContextConfigurationAttributes@3b2da18f declaringClass = 'com.edu.test.Test_Spring_JUnit', classes = '{}', locations = '{file:src/main/webapp/WEB-INF/spring/appServlet/root-context.xml}', inheritLocations = true, initializers = '{}', inheritInitializers = true, name = [null], contextLoaderClass = 'org.springframework.test.context.ContextLoader'].
[TRACE] 2024-06-25 11:29:50,343 org.springframework.test.context.support.ApplicationContextInitializerUtils resolveInitializerClasses - Processing context initializers for configuration attributes [ContextConfigurationAttributes@3b2da18f declaringClass = 'com.edu.test.Test_Spring_JUnit', classes = '{}', locations = '{file:src/main/webapp/WEB-INF/spring/appServlet/root-context.xml}', inheritLocations = true, initializers = '{}', inheritInitializers = true, name = [null], contextLoaderClass = 'org.springframework.test.context.ContextLoader']
[DEBUG] 2024-06-25 11:29:50,344 org.springframework.test.context.support.ActiveProfilesUtils resolveActiveProfiles - Could not find an 'annotation declaring class' for annotation type [org.springframework.test.context.ActiveProfiles] and class [com.edu.test.Test_Spring_JUnit]
[DEBUG] 2024-06-25 11:29:50,344 org.springframework.test.context.support.DefaultTestContextBootstrapper getTestExecutionListeners - @TestExecutionListeners is not present for class [com.edu.test.Test_Spring_JUnit]: using defaults.
[INFO] 2024-06-25 11:29:50,345 org.springframework.test.context.support.DefaultTestContextBootstrapper getDefaultTestExecutionListenerClassNames - Loaded default TestExecutionListener class names from location [META-INF/spring.factories]: [org.springframework.test.context.web.ServletTestExecutionListener, org.springframework.test.context.support.DirtiesContextBeforeModesTestExecutionListener, org.springframework.test.context.event.ApplicationEventsTestExecutionListener, org.springframework.test.context.support.DependencyInjectionTestExecutionListener, org.springframework.test.context.support.DirtiesContextTestExecutionListener, org.springframework.test.context.transaction.TransactionalTestExecutionListener, org.springframework.test.context.jdbc.SqlScriptsTestExecutionListener, org.springframework.test.context.event.EventPublishingTestExecutionListener]
[INFO] 2024-06-25 11:29:50,352 org.springframework.test.context.support.DefaultTestContextBootstrapper getTestExecutionListeners - Using TestExecutionListeners: [org.springframework.test.context.web.ServletTestExecutionListener@3d74bf60, org.springframework.test.context.support.DirtiesContextBeforeModesTestExecutionListener@4f209819, org.springframework.test.context.event.ApplicationEventsTestExecutionListener@15eb5ee5, org.springframework.test.context.support.DependencyInjectionTestExecutionListener@2145b572, org.springframework.test.context.support.DirtiesContextTestExecutionListener@39529185, org.springframework.test.context.transaction.TransactionalTestExecutionListener@72f926e6, org.springframework.test.context.jdbc.SqlScriptsTestExecutionListener@3daa422a, org.springframework.test.context.event.EventPublishingTestExecutionListener@31c88ec8]
[TRACE] 2024-06-25 11:29:50,352 org.springframework.test.context.TestContextManager registerTestExecutionListeners - Registering TestExecutionListener: org.springframework.test.context.web.ServletTestExecutionListener@3d74bf60
[TRACE] 2024-06-25 11:29:50,353 org.springframework.test.context.TestContextManager registerTestExecutionListeners - Registering TestExecutionListener: org.springframework.test.context.support.DirtiesContextBeforeModesTestExecutionListener@4f209819
[TRACE] 2024-06-25 11:29:50,353 org.springframework.test.context.TestContextManager registerTestExecutionListeners - Registering TestExecutionListener: org.springframework.test.context.event.ApplicationEventsTestExecutionListener@15eb5ee5
[TRACE] 2024-06-25 11:29:50,353 org.springframework.test.context.TestContextManager registerTestExecutionListeners - Registering TestExecutionListener: org.springframework.test.context.support.DependencyInjectionTestExecutionListener@2145b572
[TRACE] 2024-06-25 11:29:50,353 org.springframework.test.context.TestContextManager registerTestExecutionListeners - Registering TestExecutionListener: org.springframework.test.context.support.DirtiesContextTestExecutionListener@39529185
[TRACE] 2024-06-25 11:29:50,353 org.springframework.test.context.TestContextManager registerTestExecutionListeners - Registering TestExecutionListener: org.springframework.test.context.transaction.TransactionalTestExecutionListener@72f926e6
[TRACE] 2024-06-25 11:29:50,353 org.springframework.test.context.TestContextManager registerTestExecutionListeners - Registering TestExecutionListener: org.springframework.test.context.jdbc.SqlScriptsTestExecutionListener@3daa422a
[TRACE] 2024-06-25 11:29:50,353 org.springframework.test.context.TestContextManager registerTestExecutionListeners - Registering TestExecutionListener: org.springframework.test.context.event.EventPublishingTestExecutionListener@31c88ec8
[DEBUG] 2024-06-25 11:29:50,354 org.springframework.test.annotation.ProfileValueUtils retrieveProfileValueSource - Retrieved @ProfileValueSourceConfiguration [null] for test class [com.edu.test.Test_Spring_JUnit]
[DEBUG] 2024-06-25 11:29:50,354 org.springframework.test.annotation.ProfileValueUtils retrieveProfileValueSource - Retrieved ProfileValueSource type [class org.springframework.test.annotation.SystemProfileValueSource] for class [com.edu.test.Test_Spring_JUnit]
[DEBUG] 2024-06-25 11:29:50,386 org.springframework.test.annotation.ProfileValueUtils retrieveProfileValueSource - Retrieved @ProfileValueSourceConfiguration [null] for test class [com.edu.test.Test_Spring_JUnit]
[DEBUG] 2024-06-25 11:29:50,386 org.springframework.test.annotation.ProfileValueUtils retrieveProfileValueSource - Retrieved ProfileValueSource type [class org.springframework.test.annotation.SystemProfileValueSource] for class [com.edu.test.Test_Spring_JUnit]
[DEBUG] 2024-06-25 11:29:50,387 org.springframework.test.annotation.ProfileValueUtils retrieveProfileValueSource - Retrieved @ProfileValueSourceConfiguration [null] for test class [com.edu.test.Test_Spring_JUnit]
[DEBUG] 2024-06-25 11:29:50,387 org.springframework.test.annotation.ProfileValueUtils retrieveProfileValueSource - Retrieved ProfileValueSource type [class org.springframework.test.annotation.SystemProfileValueSource] for class [com.edu.test.Test_Spring_JUnit]
[DEBUG] 2024-06-25 11:29:50,388 org.springframework.test.annotation.ProfileValueUtils retrieveProfileValueSource - Retrieved @ProfileValueSourceConfiguration [null] for test class [com.edu.test.Test_Spring_JUnit]
[DEBUG] 2024-06-25 11:29:50,388 org.springframework.test.annotation.ProfileValueUtils retrieveProfileValueSource - Retrieved ProfileValueSource type [class org.springframework.test.annotation.SystemProfileValueSource] for class [com.edu.test.Test_Spring_JUnit]
[TRACE] 2024-06-25 11:29:50,388 org.springframework.test.context.TestContextManager beforeTestClass - beforeTestClass(): class [com.edu.test.Test_Spring_JUnit]
[DEBUG] 2024-06-25 11:29:50,389 org.springframework.test.context.support.AbstractDirtiesContextTestExecutionListener beforeOrAfterTestClass - Before test class: context [DefaultTestContext@7c729a55 testClass = Test_Spring_JUnit, testInstance = [null], testMethod = [null], testException = [null], mergedContextConfiguration = [MergedContextConfiguration@3bb9a3ff testClass = Test_Spring_JUnit, locations = '{file:src/main/webapp/WEB-INF/spring/appServlet/root-context.xml}', classes = '{}', contextInitializerClasses = '[]', activeProfiles = '{}', propertySourceLocations = '{}', propertySourceProperties = '{}', contextCustomizers = set[[empty]], contextLoader = 'org.springframework.test.context.support.DelegatingSmartContextLoader', parent = [null]], attributes = map[[empty]]], class annotated with @DirtiesContext [false] with mode [null].
[DEBUG] 2024-06-25 11:29:50,390 org.springframework.test.annotation.ProfileValueUtils retrieveProfileValueSource - Retrieved @ProfileValueSourceConfiguration [null] for test class [com.edu.test.Test_Spring_JUnit]
[DEBUG] 2024-06-25 11:29:50,390 org.springframework.test.annotation.ProfileValueUtils retrieveProfileValueSource - Retrieved ProfileValueSource type [class org.springframework.test.annotation.SystemProfileValueSource] for class [com.edu.test.Test_Spring_JUnit]
[TRACE] 2024-06-25 11:29:50,390 org.springframework.test.context.TestContextManager prepareTestInstance - prepareTestInstance(): instance [com.edu.test.Test_Spring_JUnit@7b9a4292]
[DEBUG] 2024-06-25 11:29:50,391 org.springframework.test.context.support.DependencyInjectionTestExecutionListener prepareTestInstance - Performing dependency injection for test context [[DefaultTestContext@7c729a55 testClass = Test_Spring_JUnit, testInstance = com.edu.test.Test_Spring_JUnit@7b9a4292, testMethod = [null], testException = [null], mergedContextConfiguration = [MergedContextConfiguration@3bb9a3ff testClass = Test_Spring_JUnit, locations = '{file:src/main/webapp/WEB-INF/spring/appServlet/root-context.xml}', classes = '{}', contextInitializerClasses = '[]', activeProfiles = '{}', propertySourceLocations = '{}', propertySourceProperties = '{}', contextCustomizers = set[[empty]], contextLoader = 'org.springframework.test.context.support.DelegatingSmartContextLoader', parent = [null]], attributes = map['org.springframework.test.context.event.ApplicationEventsTestExecutionListener.recordApplicationEvents' -> false]]].
[DEBUG] 2024-06-25 11:29:50,392 org.springframework.test.context.support.AbstractDelegatingSmartContextLoader delegateLoading - Delegating to GenericXmlContextLoader to load context from [MergedContextConfiguration@3bb9a3ff testClass = Test_Spring_JUnit, locations = '{file:src/main/webapp/WEB-INF/spring/appServlet/root-context.xml}', classes = '{}', contextInitializerClasses = '[]', activeProfiles = '{}', propertySourceLocations = '{}', propertySourceProperties = '{}', contextCustomizers = set[[empty]], contextLoader = 'org.springframework.test.context.support.DelegatingSmartContextLoader', parent = [null]].
[DEBUG] 2024-06-25 11:29:50,392 org.springframework.test.context.support.AbstractGenericContextLoader loadContext - Loading ApplicationContext for merged context configuration [[MergedContextConfiguration@3bb9a3ff testClass = Test_Spring_JUnit, locations = '{file:src/main/webapp/WEB-INF/spring/appServlet/root-context.xml}', classes = '{}', contextInitializerClasses = '[]', activeProfiles = '{}', propertySourceLocations = '{}', propertySourceProperties = '{}', contextCustomizers = set[[empty]], contextLoader = 'org.springframework.test.context.support.DelegatingSmartContextLoader', parent = [null]]].
[TRACE] 2024-06-25 11:29:50,556 org.springframework.util.PropertyPlaceholderHelper parseStringValue - Resolved placeholder 'driver'
[TRACE] 2024-06-25 11:29:50,556 org.springframework.util.PropertyPlaceholderHelper parseStringValue - Resolved placeholder 'url'
[TRACE] 2024-06-25 11:29:50,556 org.springframework.util.PropertyPlaceholderHelper parseStringValue - Resolved placeholder 'user'
[TRACE] 2024-06-25 11:29:50,556 org.springframework.util.PropertyPlaceholderHelper parseStringValue - Resolved placeholder 'pw'
[DEBUG] 2024-06-25 11:29:50,679 org.apache.ibatis.logging.LogFactory setImplementation - Logging initialized using 'class org.apache.ibatis.logging.slf4j.Slf4jImpl' adapter.
[DEBUG] 2024-06-25 11:29:50,760 org.mybatis.spring.SqlSessionFactoryBean debug - Parsed configuration file: 'class path resource [mybatis/Config.xml]'
[DEBUG] 2024-06-25 11:29:50,761 org.mybatis.spring.SqlSessionFactoryBean debug - Property 'mapperLocations' was not specified.
[DEBUG] 2024-06-25 11:29:50,776 org.springframework.test.context.cache.DefaultCacheAwareContextLoaderDelegate loadContext - Storing ApplicationContext [1427651360] in cache under key [[MergedContextConfiguration@3bb9a3ff testClass = Test_Spring_JUnit, locations = '{file:src/main/webapp/WEB-INF/spring/appServlet/root-context.xml}', classes = '{}', contextInitializerClasses = '[]', activeProfiles = '{}', propertySourceLocations = '{}', propertySourceProperties = '{}', contextCustomizers = set[[empty]], contextLoader = 'org.springframework.test.context.support.DelegatingSmartContextLoader', parent = [null]]]
[DEBUG] 2024-06-25 11:29:50,776 org.springframework.test.context.cache logStatistics - Spring test ApplicationContext cache statistics: [DefaultContextCache@5b64c4b7 size = 1, maxSize = 32, parentContextCount = 0, hitCount = 0, missCount = 1]
[DEBUG] 2024-06-25 11:29:50,785 org.springframework.test.context.cache.DefaultCacheAwareContextLoaderDelegate loadContext - Retrieved ApplicationContext [1427651360] from cache with key [[MergedContextConfiguration@3bb9a3ff testClass = Test_Spring_JUnit, locations = '{file:src/main/webapp/WEB-INF/spring/appServlet/root-context.xml}', classes = '{}', contextInitializerClasses = '[]', activeProfiles = '{}', propertySourceLocations = '{}', propertySourceProperties = '{}', contextCustomizers = set[[empty]], contextLoader = 'org.springframework.test.context.support.DelegatingSmartContextLoader', parent = [null]]]
[DEBUG] 2024-06-25 11:29:50,785 org.springframework.test.context.cache logStatistics - Spring test ApplicationContext cache statistics: [DefaultContextCache@5b64c4b7 size = 1, maxSize = 32, parentContextCount = 0, hitCount = 1, missCount = 1]
[TRACE] 2024-06-25 11:29:50,788 org.springframework.test.context.TestContextManager prepareForBeforeCallback - beforeTestMethod(): instance [com.edu.test.Test_Spring_JUnit@7b9a4292], method [public void com.edu.test.Test_Spring_JUnit.mybatis_JUnitTest()]
[DEBUG] 2024-06-25 11:29:50,789 org.springframework.test.context.support.AbstractDirtiesContextTestExecutionListener beforeOrAfterTestMethod - Before test method: context [DefaultTestContext@7c729a55 testClass = Test_Spring_JUnit, testInstance = com.edu.test.Test_Spring_JUnit@7b9a4292, testMethod = mybatis_JUnitTest@Test_Spring_JUnit, testException = [null], mergedContextConfiguration = [MergedContextConfiguration@3bb9a3ff testClass = Test_Spring_JUnit, locations = '{file:src/main/webapp/WEB-INF/spring/appServlet/root-context.xml}', classes = '{}', contextInitializerClasses = '[]', activeProfiles = '{}', propertySourceLocations = '{}', propertySourceProperties = '{}', contextCustomizers = set[[empty]], contextLoader = 'org.springframework.test.context.support.DelegatingSmartContextLoader', parent = [null]], attributes = map['org.springframework.test.context.event.ApplicationEventsTestExecutionListener.recordApplicationEvents' -> false]], class annotated with @DirtiesContext [false] with mode [null], method annotated with @DirtiesContext [false] with mode [null].
[DEBUG] 2024-06-25 11:29:50,795 org.springframework.test.context.cache.DefaultCacheAwareContextLoaderDelegate loadContext - Retrieved ApplicationContext [1427651360] from cache with key [[MergedContextConfiguration@3bb9a3ff testClass = Test_Spring_JUnit, locations = '{file:src/main/webapp/WEB-INF/spring/appServlet/root-context.xml}', classes = '{}', contextInitializerClasses = '[]', activeProfiles = '{}', propertySourceLocations = '{}', propertySourceProperties = '{}', contextCustomizers = set[[empty]], contextLoader = 'org.springframework.test.context.support.DelegatingSmartContextLoader', parent = [null]]]
[DEBUG] 2024-06-25 11:29:50,795 org.springframework.test.context.cache logStatistics - Spring test ApplicationContext cache statistics: [DefaultContextCache@5b64c4b7 size = 1, maxSize = 32, parentContextCount = 0, hitCount = 2, missCount = 1]
[TRACE] 2024-06-25 11:29:50,795 org.springframework.test.context.TestContextManager prepareForBeforeCallback - beforeTestExecution(): instance [com.edu.test.Test_Spring_JUnit@7b9a4292], method [public void com.edu.test.Test_Spring_JUnit.mybatis_JUnitTest()]
[DEBUG] 2024-06-25 11:29:50,796 org.springframework.test.context.cache.DefaultCacheAwareContextLoaderDelegate loadContext - Retrieved ApplicationContext [1427651360] from cache with key [[MergedContextConfiguration@3bb9a3ff testClass = Test_Spring_JUnit, locations = '{file:src/main/webapp/WEB-INF/spring/appServlet/root-context.xml}', classes = '{}', contextInitializerClasses = '[]', activeProfiles = '{}', propertySourceLocations = '{}', propertySourceProperties = '{}', contextCustomizers = set[[empty]], contextLoader = 'org.springframework.test.context.support.DelegatingSmartContextLoader', parent = [null]]]
[DEBUG] 2024-06-25 11:29:50,796 org.springframework.test.context.cache logStatistics - Spring test ApplicationContext cache statistics: [DefaultContextCache@5b64c4b7 size = 1, maxSize = 32, parentContextCount = 0, hitCount = 3, missCount = 1]
[DEBUG] 2024-06-25 11:29:50,799 org.mybatis.spring.SqlSessionUtils debug - Creating a new SqlSession
[DEBUG] 2024-06-25 11:29:50,802 org.mybatis.spring.SqlSessionUtils debug - SqlSession [org.apache.ibatis.session.defaults.DefaultSqlSession@3efe7086] was not registered for synchronization because synchronization is not active
[DEBUG] 2024-06-25 11:29:50,807 org.springframework.jdbc.datasource.DataSourceUtils doGetConnection - Fetching JDBC Connection from DataSource
[DEBUG] 2024-06-25 11:29:50,809 org.mybatis.spring.SqlSessionUtils debug - Closing non transactional SqlSession [org.apache.ibatis.session.defaults.DefaultSqlSession@3efe7086]
[TRACE] 2024-06-25 11:29:50,809 org.springframework.test.context.TestContextManager prepareForAfterCallback - afterTestExecution(): instance [com.edu.test.Test_Spring_JUnit@7b9a4292], method [public void com.edu.test.Test_Spring_JUnit.mybatis_JUnitTest()], exception [org.mybatis.spring.MyBatisSystemException: nested exception is org.apache.ibatis.exceptions.PersistenceException: 
### Error querying database.  Cause: org.springframework.jdbc.CannotGetJdbcConnectionException: Failed to obtain JDBC Connection; nested exception is org.apache.commons.dbcp.SQLNestedException: Cannot load JDBC driver class 'oracle.jdbc.driver.Oracledriver'
### The error may exist in sqls/Test_Statement.xml
### The error may involve com.min.edu.model.TestDaoImpl.selectAllTest
### The error occurred while executing a query
### Cause: org.springframework.jdbc.CannotGetJdbcConnectionException: Failed to obtain JDBC Connection; nested exception is org.apache.commons.dbcp.SQLNestedException: Cannot load JDBC driver class 'oracle.jdbc.driver.Oracledriver']
[DEBUG] 2024-06-25 11:29:50,811 org.springframework.test.context.cache.DefaultCacheAwareContextLoaderDelegate loadContext - Retrieved ApplicationContext [1427651360] from cache with key [[MergedContextConfiguration@3bb9a3ff testClass = Test_Spring_JUnit, locations = '{file:src/main/webapp/WEB-INF/spring/appServlet/root-context.xml}', classes = '{}', contextInitializerClasses = '[]', activeProfiles = '{}', propertySourceLocations = '{}', propertySourceProperties = '{}', contextCustomizers = set[[empty]], contextLoader = 'org.springframework.test.context.support.DelegatingSmartContextLoader', parent = [null]]]
[DEBUG] 2024-06-25 11:29:50,811 org.springframework.test.context.cache logStatistics - Spring test ApplicationContext cache statistics: [DefaultContextCache@5b64c4b7 size = 1, maxSize = 32, parentContextCount = 0, hitCount = 4, missCount = 1]
[TRACE] 2024-06-25 11:29:50,812 org.springframework.test.context.TestContextManager prepareForAfterCallback - afterTestMethod(): instance [com.edu.test.Test_Spring_JUnit@7b9a4292], method [public void com.edu.test.Test_Spring_JUnit.mybatis_JUnitTest()], exception [org.mybatis.spring.MyBatisSystemException: nested exception is org.apache.ibatis.exceptions.PersistenceException: 
### Error querying database.  Cause: org.springframework.jdbc.CannotGetJdbcConnectionException: Failed to obtain JDBC Connection; nested exception is org.apache.commons.dbcp.SQLNestedException: Cannot load JDBC driver class 'oracle.jdbc.driver.Oracledriver'
### The error may exist in sqls/Test_Statement.xml
### The error may involve com.min.edu.model.TestDaoImpl.selectAllTest
### The error occurred while executing a query
### Cause: org.springframework.jdbc.CannotGetJdbcConnectionException: Failed to obtain JDBC Connection; nested exception is org.apache.commons.dbcp.SQLNestedException: Cannot load JDBC driver class 'oracle.jdbc.driver.Oracledriver']
[DEBUG] 2024-06-25 11:29:50,813 org.springframework.test.context.cache.DefaultCacheAwareContextLoaderDelegate loadContext - Retrieved ApplicationContext [1427651360] from cache with key [[MergedContextConfiguration@3bb9a3ff testClass = Test_Spring_JUnit, locations = '{file:src/main/webapp/WEB-INF/spring/appServlet/root-context.xml}', classes = '{}', contextInitializerClasses = '[]', activeProfiles = '{}', propertySourceLocations = '{}', propertySourceProperties = '{}', contextCustomizers = set[[empty]], contextLoader = 'org.springframework.test.context.support.DelegatingSmartContextLoader', parent = [null]]]
[DEBUG] 2024-06-25 11:29:50,813 org.springframework.test.context.cache logStatistics - Spring test ApplicationContext cache statistics: [DefaultContextCache@5b64c4b7 size = 1, maxSize = 32, parentContextCount = 0, hitCount = 5, missCount = 1]
[DEBUG] 2024-06-25 11:29:50,813 org.springframework.test.context.support.AbstractDirtiesContextTestExecutionListener beforeOrAfterTestMethod - After test method: context [DefaultTestContext@7c729a55 testClass = Test_Spring_JUnit, testInstance = com.edu.test.Test_Spring_JUnit@7b9a4292, testMethod = mybatis_JUnitTest@Test_Spring_JUnit, testException = org.mybatis.spring.MyBatisSystemException: nested exception is org.apache.ibatis.exceptions.PersistenceException: 
### Error querying database.  Cause: org.springframework.jdbc.CannotGetJdbcConnectionException: Failed to obtain JDBC Connection; nested exception is org.apache.commons.dbcp.SQLNestedException: Cannot load JDBC driver class 'oracle.jdbc.driver.Oracledriver'
### The error may exist in sqls/Test_Statement.xml
### The error may involve com.min.edu.model.TestDaoImpl.selectAllTest
### The error occurred while executing a query
### Cause: org.springframework.jdbc.CannotGetJdbcConnectionException: Failed to obtain JDBC Connection; nested exception is org.apache.commons.dbcp.SQLNestedException: Cannot load JDBC driver class 'oracle.jdbc.driver.Oracledriver', mergedContextConfiguration = [MergedContextConfiguration@3bb9a3ff testClass = Test_Spring_JUnit, locations = '{file:src/main/webapp/WEB-INF/spring/appServlet/root-context.xml}', classes = '{}', contextInitializerClasses = '[]', activeProfiles = '{}', propertySourceLocations = '{}', propertySourceProperties = '{}', contextCustomizers = set[[empty]], contextLoader = 'org.springframework.test.context.support.DelegatingSmartContextLoader', parent = [null]], attributes = map['org.springframework.test.context.event.ApplicationEventsTestExecutionListener.recordApplicationEvents' -> false]], class annotated with @DirtiesContext [false] with mode [null], method annotated with @DirtiesContext [false] with mode [null].
[TRACE] 2024-06-25 11:29:50,824 org.springframework.test.context.TestContextManager afterTestClass - afterTestClass(): class [com.edu.test.Test_Spring_JUnit]
[DEBUG] 2024-06-25 11:29:50,824 org.springframework.test.context.cache.DefaultCacheAwareContextLoaderDelegate loadContext - Retrieved ApplicationContext [1427651360] from cache with key [[MergedContextConfiguration@3bb9a3ff testClass = Test_Spring_JUnit, locations = '{file:src/main/webapp/WEB-INF/spring/appServlet/root-context.xml}', classes = '{}', contextInitializerClasses = '[]', activeProfiles = '{}', propertySourceLocations = '{}', propertySourceProperties = '{}', contextCustomizers = set[[empty]], contextLoader = 'org.springframework.test.context.support.DelegatingSmartContextLoader', parent = [null]]]
[DEBUG] 2024-06-25 11:29:50,824 org.springframework.test.context.cache logStatistics - Spring test ApplicationContext cache statistics: [DefaultContextCache@5b64c4b7 size = 1, maxSize = 32, parentContextCount = 0, hitCount = 6, missCount = 1]
[DEBUG] 2024-06-25 11:29:50,825 org.springframework.test.context.support.AbstractDirtiesContextTestExecutionListener beforeOrAfterTestClass - After test class: context [DefaultTestContext@7c729a55 testClass = Test_Spring_JUnit, testInstance = [null], testMethod = [null], testException = [null], mergedContextConfiguration = [MergedContextConfiguration@3bb9a3ff testClass = Test_Spring_JUnit, locations = '{file:src/main/webapp/WEB-INF/spring/appServlet/root-context.xml}', classes = '{}', contextInitializerClasses = '[]', activeProfiles = '{}', propertySourceLocations = '{}', propertySourceProperties = '{}', contextCustomizers = set[[empty]], contextLoader = 'org.springframework.test.context.support.DelegatingSmartContextLoader', parent = [null]], attributes = map['org.springframework.test.context.event.ApplicationEventsTestExecutionListener.recordApplicationEvents' -> false]], class annotated with @DirtiesContext [false] with mode [null].
[DEBUG] 2024-06-25 11:37:00,253 org.springframework.test.context.junit4.SpringJUnit4ClassRunner <init> - SpringJUnit4ClassRunner constructor called with [class com.edu.test.Test_Spring_JUnit]
[DEBUG] 2024-06-25 11:37:00,260 org.springframework.test.context.BootstrapUtils createCacheAwareContextLoaderDelegate - Instantiating CacheAwareContextLoaderDelegate from class [org.springframework.test.context.cache.DefaultCacheAwareContextLoaderDelegate]
[DEBUG] 2024-06-25 11:37:00,265 org.springframework.test.context.BootstrapUtils createBootstrapContext - Instantiating BootstrapContext using constructor [public org.springframework.test.context.support.DefaultBootstrapContext(java.lang.Class,org.springframework.test.context.CacheAwareContextLoaderDelegate)]
[DEBUG] 2024-06-25 11:37:00,283 org.springframework.test.context.BootstrapUtils resolveTestContextBootstrapper - Instantiating TestContextBootstrapper for test class [com.edu.test.Test_Spring_JUnit] from class [org.springframework.test.context.support.DefaultTestContextBootstrapper]
[TRACE] 2024-06-25 11:37:00,291 org.springframework.test.context.support.ContextLoaderUtils convertContextConfigToConfigAttributesAndAddToList - Retrieved @ContextConfiguration [@org.springframework.test.context.ContextConfiguration(classes={}, inheritInitializers=true, inheritLocations=true, initializers={}, loader=org.springframework.test.context.ContextLoader.class, locations={"file:src/main/webapp/WEB-INF/spring/appServlet/root-context.xml"}, name="", value={"file:src/main/webapp/WEB-INF/spring/appServlet/root-context.xml"})] for declaring class [com.edu.test.Test_Spring_JUnit].
[TRACE] 2024-06-25 11:37:00,292 org.springframework.test.context.support.ContextLoaderUtils convertContextConfigToConfigAttributesAndAddToList - Resolved context configuration attributes: [ContextConfigurationAttributes@6b419da declaringClass = 'com.edu.test.Test_Spring_JUnit', classes = '{}', locations = '{file:src/main/webapp/WEB-INF/spring/appServlet/root-context.xml}', inheritLocations = true, initializers = '{}', inheritInitializers = true, name = [null], contextLoaderClass = 'org.springframework.test.context.ContextLoader']
[TRACE] 2024-06-25 11:37:00,293 org.springframework.test.context.support.DefaultTestContextBootstrapper resolveExplicitContextLoaderClass - Resolving ContextLoader for context configuration attributes [ContextConfigurationAttributes@6b419da declaringClass = 'com.edu.test.Test_Spring_JUnit', classes = '{}', locations = '{file:src/main/webapp/WEB-INF/spring/appServlet/root-context.xml}', inheritLocations = true, initializers = '{}', inheritInitializers = true, name = [null], contextLoaderClass = 'org.springframework.test.context.ContextLoader']
[TRACE] 2024-06-25 11:37:00,294 org.springframework.test.context.support.DefaultTestContextBootstrapper resolveContextLoader - Using ContextLoader class [org.springframework.test.context.support.DelegatingSmartContextLoader] for test class [com.edu.test.Test_Spring_JUnit]
[TRACE] 2024-06-25 11:37:00,296 org.springframework.test.context.support.DefaultTestContextBootstrapper buildMergedContextConfiguration - Processing locations and classes for context configuration attributes [ContextConfigurationAttributes@6b419da declaringClass = 'com.edu.test.Test_Spring_JUnit', classes = '{}', locations = '{file:src/main/webapp/WEB-INF/spring/appServlet/root-context.xml}', inheritLocations = true, initializers = '{}', inheritInitializers = true, name = [null], contextLoaderClass = 'org.springframework.test.context.ContextLoader']
[DEBUG] 2024-06-25 11:37:00,296 org.springframework.test.context.support.AbstractDelegatingSmartContextLoader delegateProcessing - Delegating to GenericXmlContextLoader to process context configuration [ContextConfigurationAttributes@6b419da declaringClass = 'com.edu.test.Test_Spring_JUnit', classes = '{}', locations = '{file:src/main/webapp/WEB-INF/spring/appServlet/root-context.xml}', inheritLocations = true, initializers = '{}', inheritInitializers = true, name = [null], contextLoaderClass = 'org.springframework.test.context.ContextLoader'].
[TRACE] 2024-06-25 11:37:00,316 org.springframework.test.context.support.ApplicationContextInitializerUtils resolveInitializerClasses - Processing context initializers for configuration attributes [ContextConfigurationAttributes@6b419da declaringClass = 'com.edu.test.Test_Spring_JUnit', classes = '{}', locations = '{file:src/main/webapp/WEB-INF/spring/appServlet/root-context.xml}', inheritLocations = true, initializers = '{}', inheritInitializers = true, name = [null], contextLoaderClass = 'org.springframework.test.context.ContextLoader']
[DEBUG] 2024-06-25 11:37:00,317 org.springframework.test.context.support.ActiveProfilesUtils resolveActiveProfiles - Could not find an 'annotation declaring class' for annotation type [org.springframework.test.context.ActiveProfiles] and class [com.edu.test.Test_Spring_JUnit]
[DEBUG] 2024-06-25 11:37:00,318 org.springframework.test.context.support.DefaultTestContextBootstrapper getTestExecutionListeners - @TestExecutionListeners is not present for class [com.edu.test.Test_Spring_JUnit]: using defaults.
[INFO] 2024-06-25 11:37:00,318 org.springframework.test.context.support.DefaultTestContextBootstrapper getDefaultTestExecutionListenerClassNames - Loaded default TestExecutionListener class names from location [META-INF/spring.factories]: [org.springframework.test.context.web.ServletTestExecutionListener, org.springframework.test.context.support.DirtiesContextBeforeModesTestExecutionListener, org.springframework.test.context.event.ApplicationEventsTestExecutionListener, org.springframework.test.context.support.DependencyInjectionTestExecutionListener, org.springframework.test.context.support.DirtiesContextTestExecutionListener, org.springframework.test.context.transaction.TransactionalTestExecutionListener, org.springframework.test.context.jdbc.SqlScriptsTestExecutionListener, org.springframework.test.context.event.EventPublishingTestExecutionListener]
[INFO] 2024-06-25 11:37:00,326 org.springframework.test.context.support.DefaultTestContextBootstrapper getTestExecutionListeners - Using TestExecutionListeners: [org.springframework.test.context.web.ServletTestExecutionListener@15c43bd9, org.springframework.test.context.support.DirtiesContextBeforeModesTestExecutionListener@3d74bf60, org.springframework.test.context.event.ApplicationEventsTestExecutionListener@4f209819, org.springframework.test.context.support.DependencyInjectionTestExecutionListener@15eb5ee5, org.springframework.test.context.support.DirtiesContextTestExecutionListener@2145b572, org.springframework.test.context.transaction.TransactionalTestExecutionListener@39529185, org.springframework.test.context.jdbc.SqlScriptsTestExecutionListener@72f926e6, org.springframework.test.context.event.EventPublishingTestExecutionListener@3daa422a]
[TRACE] 2024-06-25 11:37:00,326 org.springframework.test.context.TestContextManager registerTestExecutionListeners - Registering TestExecutionListener: org.springframework.test.context.web.ServletTestExecutionListener@15c43bd9
[TRACE] 2024-06-25 11:37:00,326 org.springframework.test.context.TestContextManager registerTestExecutionListeners - Registering TestExecutionListener: org.springframework.test.context.support.DirtiesContextBeforeModesTestExecutionListener@3d74bf60
[TRACE] 2024-06-25 11:37:00,326 org.springframework.test.context.TestContextManager registerTestExecutionListeners - Registering TestExecutionListener: org.springframework.test.context.event.ApplicationEventsTestExecutionListener@4f209819
[TRACE] 2024-06-25 11:37:00,326 org.springframework.test.context.TestContextManager registerTestExecutionListeners - Registering TestExecutionListener: org.springframework.test.context.support.DependencyInjectionTestExecutionListener@15eb5ee5
[TRACE] 2024-06-25 11:37:00,326 org.springframework.test.context.TestContextManager registerTestExecutionListeners - Registering TestExecutionListener: org.springframework.test.context.support.DirtiesContextTestExecutionListener@2145b572
[TRACE] 2024-06-25 11:37:00,327 org.springframework.test.context.TestContextManager registerTestExecutionListeners - Registering TestExecutionListener: org.springframework.test.context.transaction.TransactionalTestExecutionListener@39529185
[TRACE] 2024-06-25 11:37:00,327 org.springframework.test.context.TestContextManager registerTestExecutionListeners - Registering TestExecutionListener: org.springframework.test.context.jdbc.SqlScriptsTestExecutionListener@72f926e6
[TRACE] 2024-06-25 11:37:00,327 org.springframework.test.context.TestContextManager registerTestExecutionListeners - Registering TestExecutionListener: org.springframework.test.context.event.EventPublishingTestExecutionListener@3daa422a
[DEBUG] 2024-06-25 11:37:00,328 org.springframework.test.annotation.ProfileValueUtils retrieveProfileValueSource - Retrieved @ProfileValueSourceConfiguration [null] for test class [com.edu.test.Test_Spring_JUnit]
[DEBUG] 2024-06-25 11:37:00,328 org.springframework.test.annotation.ProfileValueUtils retrieveProfileValueSource - Retrieved ProfileValueSource type [class org.springframework.test.annotation.SystemProfileValueSource] for class [com.edu.test.Test_Spring_JUnit]
[DEBUG] 2024-06-25 11:37:00,334 org.springframework.test.annotation.ProfileValueUtils retrieveProfileValueSource - Retrieved @ProfileValueSourceConfiguration [null] for test class [com.edu.test.Test_Spring_JUnit]
[DEBUG] 2024-06-25 11:37:00,334 org.springframework.test.annotation.ProfileValueUtils retrieveProfileValueSource - Retrieved ProfileValueSource type [class org.springframework.test.annotation.SystemProfileValueSource] for class [com.edu.test.Test_Spring_JUnit]
[DEBUG] 2024-06-25 11:37:00,335 org.springframework.test.annotation.ProfileValueUtils retrieveProfileValueSource - Retrieved @ProfileValueSourceConfiguration [null] for test class [com.edu.test.Test_Spring_JUnit]
[DEBUG] 2024-06-25 11:37:00,335 org.springframework.test.annotation.ProfileValueUtils retrieveProfileValueSource - Retrieved ProfileValueSource type [class org.springframework.test.annotation.SystemProfileValueSource] for class [com.edu.test.Test_Spring_JUnit]
[DEBUG] 2024-06-25 11:37:00,336 org.springframework.test.annotation.ProfileValueUtils retrieveProfileValueSource - Retrieved @ProfileValueSourceConfiguration [null] for test class [com.edu.test.Test_Spring_JUnit]
[DEBUG] 2024-06-25 11:37:00,336 org.springframework.test.annotation.ProfileValueUtils retrieveProfileValueSource - Retrieved ProfileValueSource type [class org.springframework.test.annotation.SystemProfileValueSource] for class [com.edu.test.Test_Spring_JUnit]
[TRACE] 2024-06-25 11:37:00,336 org.springframework.test.context.TestContextManager beforeTestClass - beforeTestClass(): class [com.edu.test.Test_Spring_JUnit]
[DEBUG] 2024-06-25 11:37:00,337 org.springframework.test.context.support.AbstractDirtiesContextTestExecutionListener beforeOrAfterTestClass - Before test class: context [DefaultTestContext@47af7f3d testClass = Test_Spring_JUnit, testInstance = [null], testMethod = [null], testException = [null], mergedContextConfiguration = [MergedContextConfiguration@7c729a55 testClass = Test_Spring_JUnit, locations = '{file:src/main/webapp/WEB-INF/spring/appServlet/root-context.xml}', classes = '{}', contextInitializerClasses = '[]', activeProfiles = '{}', propertySourceLocations = '{}', propertySourceProperties = '{}', contextCustomizers = set[[empty]], contextLoader = 'org.springframework.test.context.support.DelegatingSmartContextLoader', parent = [null]], attributes = map[[empty]]], class annotated with @DirtiesContext [false] with mode [null].
[DEBUG] 2024-06-25 11:37:00,338 org.springframework.test.annotation.ProfileValueUtils retrieveProfileValueSource - Retrieved @ProfileValueSourceConfiguration [null] for test class [com.edu.test.Test_Spring_JUnit]
[DEBUG] 2024-06-25 11:37:00,338 org.springframework.test.annotation.ProfileValueUtils retrieveProfileValueSource - Retrieved ProfileValueSource type [class org.springframework.test.annotation.SystemProfileValueSource] for class [com.edu.test.Test_Spring_JUnit]
[TRACE] 2024-06-25 11:37:00,338 org.springframework.test.context.TestContextManager prepareTestInstance - prepareTestInstance(): instance [com.edu.test.Test_Spring_JUnit@79924b]
[DEBUG] 2024-06-25 11:37:00,339 org.springframework.test.context.support.DependencyInjectionTestExecutionListener prepareTestInstance - Performing dependency injection for test context [[DefaultTestContext@47af7f3d testClass = Test_Spring_JUnit, testInstance = com.edu.test.Test_Spring_JUnit@79924b, testMethod = [null], testException = [null], mergedContextConfiguration = [MergedContextConfiguration@7c729a55 testClass = Test_Spring_JUnit, locations = '{file:src/main/webapp/WEB-INF/spring/appServlet/root-context.xml}', classes = '{}', contextInitializerClasses = '[]', activeProfiles = '{}', propertySourceLocations = '{}', propertySourceProperties = '{}', contextCustomizers = set[[empty]], contextLoader = 'org.springframework.test.context.support.DelegatingSmartContextLoader', parent = [null]], attributes = map['org.springframework.test.context.event.ApplicationEventsTestExecutionListener.recordApplicationEvents' -> false]]].
[DEBUG] 2024-06-25 11:37:00,339 org.springframework.test.context.support.AbstractDelegatingSmartContextLoader delegateLoading - Delegating to GenericXmlContextLoader to load context from [MergedContextConfiguration@7c729a55 testClass = Test_Spring_JUnit, locations = '{file:src/main/webapp/WEB-INF/spring/appServlet/root-context.xml}', classes = '{}', contextInitializerClasses = '[]', activeProfiles = '{}', propertySourceLocations = '{}', propertySourceProperties = '{}', contextCustomizers = set[[empty]], contextLoader = 'org.springframework.test.context.support.DelegatingSmartContextLoader', parent = [null]].
[DEBUG] 2024-06-25 11:37:00,340 org.springframework.test.context.support.AbstractGenericContextLoader loadContext - Loading ApplicationContext for merged context configuration [[MergedContextConfiguration@7c729a55 testClass = Test_Spring_JUnit, locations = '{file:src/main/webapp/WEB-INF/spring/appServlet/root-context.xml}', classes = '{}', contextInitializerClasses = '[]', activeProfiles = '{}', propertySourceLocations = '{}', propertySourceProperties = '{}', contextCustomizers = set[[empty]], contextLoader = 'org.springframework.test.context.support.DelegatingSmartContextLoader', parent = [null]]].
[TRACE] 2024-06-25 11:37:00,497 org.springframework.util.PropertyPlaceholderHelper parseStringValue - Resolved placeholder 'driver'
[TRACE] 2024-06-25 11:37:00,497 org.springframework.util.PropertyPlaceholderHelper parseStringValue - Resolved placeholder 'url'
[TRACE] 2024-06-25 11:37:00,498 org.springframework.util.PropertyPlaceholderHelper parseStringValue - Resolved placeholder 'user'
[TRACE] 2024-06-25 11:37:00,498 org.springframework.util.PropertyPlaceholderHelper parseStringValue - Resolved placeholder 'pw'
[DEBUG] 2024-06-25 11:37:00,621 org.apache.ibatis.logging.LogFactory setImplementation - Logging initialized using 'class org.apache.ibatis.logging.slf4j.Slf4jImpl' adapter.
[DEBUG] 2024-06-25 11:37:00,698 org.mybatis.spring.SqlSessionFactoryBean debug - Parsed configuration file: 'class path resource [mybatis/Config.xml]'
[DEBUG] 2024-06-25 11:37:00,698 org.mybatis.spring.SqlSessionFactoryBean debug - Property 'mapperLocations' was not specified.
[DEBUG] 2024-06-25 11:37:00,718 org.springframework.test.context.cache.DefaultCacheAwareContextLoaderDelegate loadContext - Storing ApplicationContext [29183965] in cache under key [[MergedContextConfiguration@7c729a55 testClass = Test_Spring_JUnit, locations = '{file:src/main/webapp/WEB-INF/spring/appServlet/root-context.xml}', classes = '{}', contextInitializerClasses = '[]', activeProfiles = '{}', propertySourceLocations = '{}', propertySourceProperties = '{}', contextCustomizers = set[[empty]], contextLoader = 'org.springframework.test.context.support.DelegatingSmartContextLoader', parent = [null]]]
[DEBUG] 2024-06-25 11:37:00,718 org.springframework.test.context.cache logStatistics - Spring test ApplicationContext cache statistics: [DefaultContextCache@5778826f size = 1, maxSize = 32, parentContextCount = 0, hitCount = 0, missCount = 1]
[DEBUG] 2024-06-25 11:37:00,725 org.springframework.test.context.cache.DefaultCacheAwareContextLoaderDelegate loadContext - Retrieved ApplicationContext [29183965] from cache with key [[MergedContextConfiguration@7c729a55 testClass = Test_Spring_JUnit, locations = '{file:src/main/webapp/WEB-INF/spring/appServlet/root-context.xml}', classes = '{}', contextInitializerClasses = '[]', activeProfiles = '{}', propertySourceLocations = '{}', propertySourceProperties = '{}', contextCustomizers = set[[empty]], contextLoader = 'org.springframework.test.context.support.DelegatingSmartContextLoader', parent = [null]]]
[DEBUG] 2024-06-25 11:37:00,725 org.springframework.test.context.cache logStatistics - Spring test ApplicationContext cache statistics: [DefaultContextCache@5778826f size = 1, maxSize = 32, parentContextCount = 0, hitCount = 1, missCount = 1]
[TRACE] 2024-06-25 11:37:00,727 org.springframework.test.context.TestContextManager prepareForBeforeCallback - beforeTestMethod(): instance [com.edu.test.Test_Spring_JUnit@79924b], method [public void com.edu.test.Test_Spring_JUnit.mybatis_JUnitTest()]
[DEBUG] 2024-06-25 11:37:00,728 org.springframework.test.context.support.AbstractDirtiesContextTestExecutionListener beforeOrAfterTestMethod - Before test method: context [DefaultTestContext@47af7f3d testClass = Test_Spring_JUnit, testInstance = com.edu.test.Test_Spring_JUnit@79924b, testMethod = mybatis_JUnitTest@Test_Spring_JUnit, testException = [null], mergedContextConfiguration = [MergedContextConfiguration@7c729a55 testClass = Test_Spring_JUnit, locations = '{file:src/main/webapp/WEB-INF/spring/appServlet/root-context.xml}', classes = '{}', contextInitializerClasses = '[]', activeProfiles = '{}', propertySourceLocations = '{}', propertySourceProperties = '{}', contextCustomizers = set[[empty]], contextLoader = 'org.springframework.test.context.support.DelegatingSmartContextLoader', parent = [null]], attributes = map['org.springframework.test.context.event.ApplicationEventsTestExecutionListener.recordApplicationEvents' -> false]], class annotated with @DirtiesContext [false] with mode [null], method annotated with @DirtiesContext [false] with mode [null].
[DEBUG] 2024-06-25 11:37:00,733 org.springframework.test.context.cache.DefaultCacheAwareContextLoaderDelegate loadContext - Retrieved ApplicationContext [29183965] from cache with key [[MergedContextConfiguration@7c729a55 testClass = Test_Spring_JUnit, locations = '{file:src/main/webapp/WEB-INF/spring/appServlet/root-context.xml}', classes = '{}', contextInitializerClasses = '[]', activeProfiles = '{}', propertySourceLocations = '{}', propertySourceProperties = '{}', contextCustomizers = set[[empty]], contextLoader = 'org.springframework.test.context.support.DelegatingSmartContextLoader', parent = [null]]]
[DEBUG] 2024-06-25 11:37:00,733 org.springframework.test.context.cache logStatistics - Spring test ApplicationContext cache statistics: [DefaultContextCache@5778826f size = 1, maxSize = 32, parentContextCount = 0, hitCount = 2, missCount = 1]
[TRACE] 2024-06-25 11:37:00,733 org.springframework.test.context.TestContextManager prepareForBeforeCallback - beforeTestExecution(): instance [com.edu.test.Test_Spring_JUnit@79924b], method [public void com.edu.test.Test_Spring_JUnit.mybatis_JUnitTest()]
[DEBUG] 2024-06-25 11:37:00,734 org.springframework.test.context.cache.DefaultCacheAwareContextLoaderDelegate loadContext - Retrieved ApplicationContext [29183965] from cache with key [[MergedContextConfiguration@7c729a55 testClass = Test_Spring_JUnit, locations = '{file:src/main/webapp/WEB-INF/spring/appServlet/root-context.xml}', classes = '{}', contextInitializerClasses = '[]', activeProfiles = '{}', propertySourceLocations = '{}', propertySourceProperties = '{}', contextCustomizers = set[[empty]], contextLoader = 'org.springframework.test.context.support.DelegatingSmartContextLoader', parent = [null]]]
[DEBUG] 2024-06-25 11:37:00,734 org.springframework.test.context.cache logStatistics - Spring test ApplicationContext cache statistics: [DefaultContextCache@5778826f size = 1, maxSize = 32, parentContextCount = 0, hitCount = 3, missCount = 1]
[DEBUG] 2024-06-25 11:37:00,737 org.mybatis.spring.SqlSessionUtils debug - Creating a new SqlSession
[DEBUG] 2024-06-25 11:37:00,740 org.mybatis.spring.SqlSessionUtils debug - SqlSession [org.apache.ibatis.session.defaults.DefaultSqlSession@62e70ea3] was not registered for synchronization because synchronization is not active
[DEBUG] 2024-06-25 11:37:00,747 org.springframework.jdbc.datasource.DataSourceUtils doGetConnection - Fetching JDBC Connection from DataSource
[DEBUG] 2024-06-25 11:37:01,197 org.mybatis.spring.transaction.SpringManagedTransaction debug - JDBC Connection [jdbc:oracle:thin:@localhost:1521:xe, UserName=EDU, Oracle JDBC driver] will not be managed by Spring
[DEBUG] 2024-06-25 11:37:01,202 com.min.edu.model.TestDaoImpl.selectAllTest debug - ==>  Preparing: SELECT JOB_ID, JOB_TITLE, MIN_SALARY, MAX_SALARY FROM JOBS
[DEBUG] 2024-06-25 11:37:01,266 com.min.edu.model.TestDaoImpl.selectAllTest debug - ==> Parameters: 
[TRACE] 2024-06-25 11:37:01,408 com.min.edu.model.TestDaoImpl.selectAllTest trace - <==    Columns: JOB_ID, JOB_TITLE, MIN_SALARY, MAX_SALARY
[TRACE] 2024-06-25 11:37:01,412 com.min.edu.model.TestDaoImpl.selectAllTest trace - <==        Row: AD_PRES, President, 20080, 40000
[TRACE] 2024-06-25 11:37:01,419 com.min.edu.model.TestDaoImpl.selectAllTest trace - <==        Row: AD_VP, Administration Vice President, 15000, 30000
[TRACE] 2024-06-25 11:37:01,420 com.min.edu.model.TestDaoImpl.selectAllTest trace - <==        Row: AD_ASST, Administration Assistant, 3000, 6000
[TRACE] 2024-06-25 11:37:01,420 com.min.edu.model.TestDaoImpl.selectAllTest trace - <==        Row: FI_MGR, Finance Manager, 8200, 16000
[TRACE] 2024-06-25 11:37:01,421 com.min.edu.model.TestDaoImpl.selectAllTest trace - <==        Row: FI_ACCOUNT, Accountant, 4200, 9000
[TRACE] 2024-06-25 11:37:01,421 com.min.edu.model.TestDaoImpl.selectAllTest trace - <==        Row: AC_MGR, Accounting Manager, 8200, 16000
[TRACE] 2024-06-25 11:37:01,421 com.min.edu.model.TestDaoImpl.selectAllTest trace - <==        Row: AC_ACCOUNT, Public Accountant, 4200, 9000
[TRACE] 2024-06-25 11:37:01,422 com.min.edu.model.TestDaoImpl.selectAllTest trace - <==        Row: SA_MAN, Sales Manager, 10000, 20080
[TRACE] 2024-06-25 11:37:01,422 com.min.edu.model.TestDaoImpl.selectAllTest trace - <==        Row: SA_REP, Sales Representative, 6000, 12008
[TRACE] 2024-06-25 11:37:01,422 com.min.edu.model.TestDaoImpl.selectAllTest trace - <==        Row: PU_MAN, Purchasing Manager, 8000, 15000
[TRACE] 2024-06-25 11:37:01,423 com.min.edu.model.TestDaoImpl.selectAllTest trace - <==        Row: PU_CLERK, Purchasing Clerk, 2500, 5500
[TRACE] 2024-06-25 11:37:01,423 com.min.edu.model.TestDaoImpl.selectAllTest trace - <==        Row: ST_MAN, Stock Manager, 5500, 8500
[TRACE] 2024-06-25 11:37:01,424 com.min.edu.model.TestDaoImpl.selectAllTest trace - <==        Row: ST_CLERK, Stock Clerk, 2008, 5000
[TRACE] 2024-06-25 11:37:01,424 com.min.edu.model.TestDaoImpl.selectAllTest trace - <==        Row: SH_CLERK, Shipping Clerk, 2500, 5500
[TRACE] 2024-06-25 11:37:01,424 com.min.edu.model.TestDaoImpl.selectAllTest trace - <==        Row: IT_DEV, , 4000, 10000
[TRACE] 2024-06-25 11:37:01,426 com.min.edu.model.TestDaoImpl.selectAllTest trace - <==        Row: MK_MAN, Marketing Manager, 9000, 15000
[TRACE] 2024-06-25 11:37:01,427 com.min.edu.model.TestDaoImpl.selectAllTest trace - <==        Row: MK_REP, Marketing Representative, 4000, 9000
[TRACE] 2024-06-25 11:37:01,428 com.min.edu.model.TestDaoImpl.selectAllTest trace - <==        Row: HR_REP, Human Resources Representative, 4000, 9000
[TRACE] 2024-06-25 11:37:01,428 com.min.edu.model.TestDaoImpl.selectAllTest trace - <==        Row: PR_REP, Public Relations Representative, 4500, 10500
[TRACE] 2024-06-25 11:37:01,428 com.min.edu.model.TestDaoImpl.selectAllTest trace - <==        Row: IT_DEV, , 1000, 10000
[TRACE] 2024-06-25 11:37:01,429 com.min.edu.model.TestDaoImpl.selectAllTest trace - <==        Row: IT, IT, 1000, 1000
[DEBUG] 2024-06-25 11:37:01,429 com.min.edu.model.TestDaoImpl.selectAllTest debug - <==      Total: 21
[DEBUG] 2024-06-25 11:37:01,447 org.mybatis.spring.SqlSessionUtils debug - Closing non transactional SqlSession [org.apache.ibatis.session.defaults.DefaultSqlSession@62e70ea3]
[TRACE] 2024-06-25 11:37:01,448 org.springframework.test.context.TestContextManager prepareForAfterCallback - afterTestExecution(): instance [com.edu.test.Test_Spring_JUnit@79924b], method [public void com.edu.test.Test_Spring_JUnit.mybatis_JUnitTest()], exception [null]
[DEBUG] 2024-06-25 11:37:01,449 org.springframework.test.context.cache.DefaultCacheAwareContextLoaderDelegate loadContext - Retrieved ApplicationContext [29183965] from cache with key [[MergedContextConfiguration@7c729a55 testClass = Test_Spring_JUnit, locations = '{file:src/main/webapp/WEB-INF/spring/appServlet/root-context.xml}', classes = '{}', contextInitializerClasses = '[]', activeProfiles = '{}', propertySourceLocations = '{}', propertySourceProperties = '{}', contextCustomizers = set[[empty]], contextLoader = 'org.springframework.test.context.support.DelegatingSmartContextLoader', parent = [null]]]
[DEBUG] 2024-06-25 11:37:01,449 org.springframework.test.context.cache logStatistics - Spring test ApplicationContext cache statistics: [DefaultContextCache@5778826f size = 1, maxSize = 32, parentContextCount = 0, hitCount = 4, missCount = 1]
[TRACE] 2024-06-25 11:37:01,450 org.springframework.test.context.TestContextManager prepareForAfterCallback - afterTestMethod(): instance [com.edu.test.Test_Spring_JUnit@79924b], method [public void com.edu.test.Test_Spring_JUnit.mybatis_JUnitTest()], exception [null]
[DEBUG] 2024-06-25 11:37:01,451 org.springframework.test.context.cache.DefaultCacheAwareContextLoaderDelegate loadContext - Retrieved ApplicationContext [29183965] from cache with key [[MergedContextConfiguration@7c729a55 testClass = Test_Spring_JUnit, locations = '{file:src/main/webapp/WEB-INF/spring/appServlet/root-context.xml}', classes = '{}', contextInitializerClasses = '[]', activeProfiles = '{}', propertySourceLocations = '{}', propertySourceProperties = '{}', contextCustomizers = set[[empty]], contextLoader = 'org.springframework.test.context.support.DelegatingSmartContextLoader', parent = [null]]]
[DEBUG] 2024-06-25 11:37:01,451 org.springframework.test.context.cache logStatistics - Spring test ApplicationContext cache statistics: [DefaultContextCache@5778826f size = 1, maxSize = 32, parentContextCount = 0, hitCount = 5, missCount = 1]
[DEBUG] 2024-06-25 11:37:01,451 org.springframework.test.context.support.AbstractDirtiesContextTestExecutionListener beforeOrAfterTestMethod - After test method: context [DefaultTestContext@47af7f3d testClass = Test_Spring_JUnit, testInstance = com.edu.test.Test_Spring_JUnit@79924b, testMethod = mybatis_JUnitTest@Test_Spring_JUnit, testException = [null], mergedContextConfiguration = [MergedContextConfiguration@7c729a55 testClass = Test_Spring_JUnit, locations = '{file:src/main/webapp/WEB-INF/spring/appServlet/root-context.xml}', classes = '{}', contextInitializerClasses = '[]', activeProfiles = '{}', propertySourceLocations = '{}', propertySourceProperties = '{}', contextCustomizers = set[[empty]], contextLoader = 'org.springframework.test.context.support.DelegatingSmartContextLoader', parent = [null]], attributes = map['org.springframework.test.context.event.ApplicationEventsTestExecutionListener.recordApplicationEvents' -> false]], class annotated with @DirtiesContext [false] with mode [null], method annotated with @DirtiesContext [false] with mode [null].
[TRACE] 2024-06-25 11:37:01,452 org.springframework.test.context.TestContextManager afterTestClass - afterTestClass(): class [com.edu.test.Test_Spring_JUnit]
[DEBUG] 2024-06-25 11:37:01,453 org.springframework.test.context.cache.DefaultCacheAwareContextLoaderDelegate loadContext - Retrieved ApplicationContext [29183965] from cache with key [[MergedContextConfiguration@7c729a55 testClass = Test_Spring_JUnit, locations = '{file:src/main/webapp/WEB-INF/spring/appServlet/root-context.xml}', classes = '{}', contextInitializerClasses = '[]', activeProfiles = '{}', propertySourceLocations = '{}', propertySourceProperties = '{}', contextCustomizers = set[[empty]], contextLoader = 'org.springframework.test.context.support.DelegatingSmartContextLoader', parent = [null]]]
[DEBUG] 2024-06-25 11:37:01,453 org.springframework.test.context.cache logStatistics - Spring test ApplicationContext cache statistics: [DefaultContextCache@5778826f size = 1, maxSize = 32, parentContextCount = 0, hitCount = 6, missCount = 1]
[DEBUG] 2024-06-25 11:37:01,453 org.springframework.test.context.support.AbstractDirtiesContextTestExecutionListener beforeOrAfterTestClass - After test class: context [DefaultTestContext@47af7f3d testClass = Test_Spring_JUnit, testInstance = [null], testMethod = [null], testException = [null], mergedContextConfiguration = [MergedContextConfiguration@7c729a55 testClass = Test_Spring_JUnit, locations = '{file:src/main/webapp/WEB-INF/spring/appServlet/root-context.xml}', classes = '{}', contextInitializerClasses = '[]', activeProfiles = '{}', propertySourceLocations = '{}', propertySourceProperties = '{}', contextCustomizers = set[[empty]], contextLoader = 'org.springframework.test.context.support.DelegatingSmartContextLoader', parent = [null]], attributes = map['org.springframework.test.context.event.ApplicationEventsTestExecutionListener.recordApplicationEvents' -> false]], class annotated with @DirtiesContext [false] with mode [null].
[DEBUG] 2024-06-25 12:01:41,476 org.springframework.test.context.junit4.SpringJUnit4ClassRunner <init> - SpringJUnit4ClassRunner constructor called with [class com.edu.test.Test_Spring_JUnit]
[DEBUG] 2024-06-25 12:01:41,485 org.springframework.test.context.BootstrapUtils createCacheAwareContextLoaderDelegate - Instantiating CacheAwareContextLoaderDelegate from class [org.springframework.test.context.cache.DefaultCacheAwareContextLoaderDelegate]
[DEBUG] 2024-06-25 12:01:41,492 org.springframework.test.context.BootstrapUtils createBootstrapContext - Instantiating BootstrapContext using constructor [public org.springframework.test.context.support.DefaultBootstrapContext(java.lang.Class,org.springframework.test.context.CacheAwareContextLoaderDelegate)]
[DEBUG] 2024-06-25 12:01:41,514 org.springframework.test.context.BootstrapUtils resolveTestContextBootstrapper - Instantiating TestContextBootstrapper for test class [com.edu.test.Test_Spring_JUnit] from class [org.springframework.test.context.support.DefaultTestContextBootstrapper]
[TRACE] 2024-06-25 12:01:41,523 org.springframework.test.context.support.ContextLoaderUtils convertContextConfigToConfigAttributesAndAddToList - Retrieved @ContextConfiguration [@org.springframework.test.context.ContextConfiguration(classes={}, inheritInitializers=true, inheritLocations=true, initializers={}, loader=org.springframework.test.context.ContextLoader.class, locations={"file:src/main/webapp/WEB-INF/spring/appServlet/root-context.xml"}, name="", value={"file:src/main/webapp/WEB-INF/spring/appServlet/root-context.xml"})] for declaring class [com.edu.test.Test_Spring_JUnit].
[TRACE] 2024-06-25 12:01:41,525 org.springframework.test.context.support.ContextLoaderUtils convertContextConfigToConfigAttributesAndAddToList - Resolved context configuration attributes: [ContextConfigurationAttributes@6b419da declaringClass = 'com.edu.test.Test_Spring_JUnit', classes = '{}', locations = '{file:src/main/webapp/WEB-INF/spring/appServlet/root-context.xml}', inheritLocations = true, initializers = '{}', inheritInitializers = true, name = [null], contextLoaderClass = 'org.springframework.test.context.ContextLoader']
[TRACE] 2024-06-25 12:01:41,526 org.springframework.test.context.support.DefaultTestContextBootstrapper resolveExplicitContextLoaderClass - Resolving ContextLoader for context configuration attributes [ContextConfigurationAttributes@6b419da declaringClass = 'com.edu.test.Test_Spring_JUnit', classes = '{}', locations = '{file:src/main/webapp/WEB-INF/spring/appServlet/root-context.xml}', inheritLocations = true, initializers = '{}', inheritInitializers = true, name = [null], contextLoaderClass = 'org.springframework.test.context.ContextLoader']
[TRACE] 2024-06-25 12:01:41,527 org.springframework.test.context.support.DefaultTestContextBootstrapper resolveContextLoader - Using ContextLoader class [org.springframework.test.context.support.DelegatingSmartContextLoader] for test class [com.edu.test.Test_Spring_JUnit]
[TRACE] 2024-06-25 12:01:41,529 org.springframework.test.context.support.DefaultTestContextBootstrapper buildMergedContextConfiguration - Processing locations and classes for context configuration attributes [ContextConfigurationAttributes@6b419da declaringClass = 'com.edu.test.Test_Spring_JUnit', classes = '{}', locations = '{file:src/main/webapp/WEB-INF/spring/appServlet/root-context.xml}', inheritLocations = true, initializers = '{}', inheritInitializers = true, name = [null], contextLoaderClass = 'org.springframework.test.context.ContextLoader']
[DEBUG] 2024-06-25 12:01:41,529 org.springframework.test.context.support.AbstractDelegatingSmartContextLoader delegateProcessing - Delegating to GenericXmlContextLoader to process context configuration [ContextConfigurationAttributes@6b419da declaringClass = 'com.edu.test.Test_Spring_JUnit', classes = '{}', locations = '{file:src/main/webapp/WEB-INF/spring/appServlet/root-context.xml}', inheritLocations = true, initializers = '{}', inheritInitializers = true, name = [null], contextLoaderClass = 'org.springframework.test.context.ContextLoader'].
[TRACE] 2024-06-25 12:01:41,555 org.springframework.test.context.support.ApplicationContextInitializerUtils resolveInitializerClasses - Processing context initializers for configuration attributes [ContextConfigurationAttributes@6b419da declaringClass = 'com.edu.test.Test_Spring_JUnit', classes = '{}', locations = '{file:src/main/webapp/WEB-INF/spring/appServlet/root-context.xml}', inheritLocations = true, initializers = '{}', inheritInitializers = true, name = [null], contextLoaderClass = 'org.springframework.test.context.ContextLoader']
[DEBUG] 2024-06-25 12:01:41,557 org.springframework.test.context.support.ActiveProfilesUtils resolveActiveProfiles - Could not find an 'annotation declaring class' for annotation type [org.springframework.test.context.ActiveProfiles] and class [com.edu.test.Test_Spring_JUnit]
[DEBUG] 2024-06-25 12:01:41,557 org.springframework.test.context.support.DefaultTestContextBootstrapper getTestExecutionListeners - @TestExecutionListeners is not present for class [com.edu.test.Test_Spring_JUnit]: using defaults.
[INFO] 2024-06-25 12:01:41,557 org.springframework.test.context.support.DefaultTestContextBootstrapper getDefaultTestExecutionListenerClassNames - Loaded default TestExecutionListener class names from location [META-INF/spring.factories]: [org.springframework.test.context.web.ServletTestExecutionListener, org.springframework.test.context.support.DirtiesContextBeforeModesTestExecutionListener, org.springframework.test.context.event.ApplicationEventsTestExecutionListener, org.springframework.test.context.support.DependencyInjectionTestExecutionListener, org.springframework.test.context.support.DirtiesContextTestExecutionListener, org.springframework.test.context.transaction.TransactionalTestExecutionListener, org.springframework.test.context.jdbc.SqlScriptsTestExecutionListener, org.springframework.test.context.event.EventPublishingTestExecutionListener]
[INFO] 2024-06-25 12:01:41,565 org.springframework.test.context.support.DefaultTestContextBootstrapper getTestExecutionListeners - Using TestExecutionListeners: [org.springframework.test.context.web.ServletTestExecutionListener@15c43bd9, org.springframework.test.context.support.DirtiesContextBeforeModesTestExecutionListener@3d74bf60, org.springframework.test.context.event.ApplicationEventsTestExecutionListener@4f209819, org.springframework.test.context.support.DependencyInjectionTestExecutionListener@15eb5ee5, org.springframework.test.context.support.DirtiesContextTestExecutionListener@2145b572, org.springframework.test.context.transaction.TransactionalTestExecutionListener@39529185, org.springframework.test.context.jdbc.SqlScriptsTestExecutionListener@72f926e6, org.springframework.test.context.event.EventPublishingTestExecutionListener@3daa422a]
[TRACE] 2024-06-25 12:01:41,566 org.springframework.test.context.TestContextManager registerTestExecutionListeners - Registering TestExecutionListener: org.springframework.test.context.web.ServletTestExecutionListener@15c43bd9
[TRACE] 2024-06-25 12:01:41,566 org.springframework.test.context.TestContextManager registerTestExecutionListeners - Registering TestExecutionListener: org.springframework.test.context.support.DirtiesContextBeforeModesTestExecutionListener@3d74bf60
[TRACE] 2024-06-25 12:01:41,566 org.springframework.test.context.TestContextManager registerTestExecutionListeners - Registering TestExecutionListener: org.springframework.test.context.event.ApplicationEventsTestExecutionListener@4f209819
[TRACE] 2024-06-25 12:01:41,566 org.springframework.test.context.TestContextManager registerTestExecutionListeners - Registering TestExecutionListener: org.springframework.test.context.support.DependencyInjectionTestExecutionListener@15eb5ee5
[TRACE] 2024-06-25 12:01:41,566 org.springframework.test.context.TestContextManager registerTestExecutionListeners - Registering TestExecutionListener: org.springframework.test.context.support.DirtiesContextTestExecutionListener@2145b572
[TRACE] 2024-06-25 12:01:41,566 org.springframework.test.context.TestContextManager registerTestExecutionListeners - Registering TestExecutionListener: org.springframework.test.context.transaction.TransactionalTestExecutionListener@39529185
[TRACE] 2024-06-25 12:01:41,566 org.springframework.test.context.TestContextManager registerTestExecutionListeners - Registering TestExecutionListener: org.springframework.test.context.jdbc.SqlScriptsTestExecutionListener@72f926e6
[TRACE] 2024-06-25 12:01:41,566 org.springframework.test.context.TestContextManager registerTestExecutionListeners - Registering TestExecutionListener: org.springframework.test.context.event.EventPublishingTestExecutionListener@3daa422a
[DEBUG] 2024-06-25 12:01:41,567 org.springframework.test.annotation.ProfileValueUtils retrieveProfileValueSource - Retrieved @ProfileValueSourceConfiguration [null] for test class [com.edu.test.Test_Spring_JUnit]
[DEBUG] 2024-06-25 12:01:41,568 org.springframework.test.annotation.ProfileValueUtils retrieveProfileValueSource - Retrieved ProfileValueSource type [class org.springframework.test.annotation.SystemProfileValueSource] for class [com.edu.test.Test_Spring_JUnit]
[DEBUG] 2024-06-25 12:01:41,573 org.springframework.test.annotation.ProfileValueUtils retrieveProfileValueSource - Retrieved @ProfileValueSourceConfiguration [null] for test class [com.edu.test.Test_Spring_JUnit]
[DEBUG] 2024-06-25 12:01:41,574 org.springframework.test.annotation.ProfileValueUtils retrieveProfileValueSource - Retrieved ProfileValueSource type [class org.springframework.test.annotation.SystemProfileValueSource] for class [com.edu.test.Test_Spring_JUnit]
[DEBUG] 2024-06-25 12:01:41,574 org.springframework.test.annotation.ProfileValueUtils retrieveProfileValueSource - Retrieved @ProfileValueSourceConfiguration [null] for test class [com.edu.test.Test_Spring_JUnit]
[DEBUG] 2024-06-25 12:01:41,574 org.springframework.test.annotation.ProfileValueUtils retrieveProfileValueSource - Retrieved ProfileValueSource type [class org.springframework.test.annotation.SystemProfileValueSource] for class [com.edu.test.Test_Spring_JUnit]
[DEBUG] 2024-06-25 12:01:41,575 org.springframework.test.annotation.ProfileValueUtils retrieveProfileValueSource - Retrieved @ProfileValueSourceConfiguration [null] for test class [com.edu.test.Test_Spring_JUnit]
[DEBUG] 2024-06-25 12:01:41,575 org.springframework.test.annotation.ProfileValueUtils retrieveProfileValueSource - Retrieved ProfileValueSource type [class org.springframework.test.annotation.SystemProfileValueSource] for class [com.edu.test.Test_Spring_JUnit]
[TRACE] 2024-06-25 12:01:41,575 org.springframework.test.context.TestContextManager beforeTestClass - beforeTestClass(): class [com.edu.test.Test_Spring_JUnit]
[DEBUG] 2024-06-25 12:01:41,576 org.springframework.test.context.support.AbstractDirtiesContextTestExecutionListener beforeOrAfterTestClass - Before test class: context [DefaultTestContext@47af7f3d testClass = Test_Spring_JUnit, testInstance = [null], testMethod = [null], testException = [null], mergedContextConfiguration = [MergedContextConfiguration@7c729a55 testClass = Test_Spring_JUnit, locations = '{file:src/main/webapp/WEB-INF/spring/appServlet/root-context.xml}', classes = '{}', contextInitializerClasses = '[]', activeProfiles = '{}', propertySourceLocations = '{}', propertySourceProperties = '{}', contextCustomizers = set[[empty]], contextLoader = 'org.springframework.test.context.support.DelegatingSmartContextLoader', parent = [null]], attributes = map[[empty]]], class annotated with @DirtiesContext [false] with mode [null].
[DEBUG] 2024-06-25 12:01:41,578 org.springframework.test.annotation.ProfileValueUtils retrieveProfileValueSource - Retrieved @ProfileValueSourceConfiguration [null] for test class [com.edu.test.Test_Spring_JUnit]
[DEBUG] 2024-06-25 12:01:41,578 org.springframework.test.annotation.ProfileValueUtils retrieveProfileValueSource - Retrieved ProfileValueSource type [class org.springframework.test.annotation.SystemProfileValueSource] for class [com.edu.test.Test_Spring_JUnit]
[TRACE] 2024-06-25 12:01:41,578 org.springframework.test.context.TestContextManager prepareTestInstance - prepareTestInstance(): instance [com.edu.test.Test_Spring_JUnit@79924b]
[DEBUG] 2024-06-25 12:01:41,581 org.springframework.test.context.support.DependencyInjectionTestExecutionListener prepareTestInstance - Performing dependency injection for test context [[DefaultTestContext@47af7f3d testClass = Test_Spring_JUnit, testInstance = com.edu.test.Test_Spring_JUnit@79924b, testMethod = [null], testException = [null], mergedContextConfiguration = [MergedContextConfiguration@7c729a55 testClass = Test_Spring_JUnit, locations = '{file:src/main/webapp/WEB-INF/spring/appServlet/root-context.xml}', classes = '{}', contextInitializerClasses = '[]', activeProfiles = '{}', propertySourceLocations = '{}', propertySourceProperties = '{}', contextCustomizers = set[[empty]], contextLoader = 'org.springframework.test.context.support.DelegatingSmartContextLoader', parent = [null]], attributes = map['org.springframework.test.context.event.ApplicationEventsTestExecutionListener.recordApplicationEvents' -> false]]].
[DEBUG] 2024-06-25 12:01:41,582 org.springframework.test.context.support.AbstractDelegatingSmartContextLoader delegateLoading - Delegating to GenericXmlContextLoader to load context from [MergedContextConfiguration@7c729a55 testClass = Test_Spring_JUnit, locations = '{file:src/main/webapp/WEB-INF/spring/appServlet/root-context.xml}', classes = '{}', contextInitializerClasses = '[]', activeProfiles = '{}', propertySourceLocations = '{}', propertySourceProperties = '{}', contextCustomizers = set[[empty]], contextLoader = 'org.springframework.test.context.support.DelegatingSmartContextLoader', parent = [null]].
[DEBUG] 2024-06-25 12:01:41,582 org.springframework.test.context.support.AbstractGenericContextLoader loadContext - Loading ApplicationContext for merged context configuration [[MergedContextConfiguration@7c729a55 testClass = Test_Spring_JUnit, locations = '{file:src/main/webapp/WEB-INF/spring/appServlet/root-context.xml}', classes = '{}', contextInitializerClasses = '[]', activeProfiles = '{}', propertySourceLocations = '{}', propertySourceProperties = '{}', contextCustomizers = set[[empty]], contextLoader = 'org.springframework.test.context.support.DelegatingSmartContextLoader', parent = [null]]].
[TRACE] 2024-06-25 12:01:41,752 org.springframework.util.PropertyPlaceholderHelper parseStringValue - Resolved placeholder 'driver'
[TRACE] 2024-06-25 12:01:41,752 org.springframework.util.PropertyPlaceholderHelper parseStringValue - Resolved placeholder 'url'
[TRACE] 2024-06-25 12:01:41,752 org.springframework.util.PropertyPlaceholderHelper parseStringValue - Resolved placeholder 'user'
[TRACE] 2024-06-25 12:01:41,752 org.springframework.util.PropertyPlaceholderHelper parseStringValue - Resolved placeholder 'pw'
[DEBUG] 2024-06-25 12:01:41,872 org.apache.ibatis.logging.LogFactory setImplementation - Logging initialized using 'class org.apache.ibatis.logging.slf4j.Slf4jImpl' adapter.
[DEBUG] 2024-06-25 12:01:41,953 org.mybatis.spring.SqlSessionFactoryBean debug - Parsed configuration file: 'class path resource [mybatis/Config.xml]'
[DEBUG] 2024-06-25 12:01:41,955 org.mybatis.spring.SqlSessionFactoryBean debug - Property 'mapperLocations' was not specified.
[DEBUG] 2024-06-25 12:01:41,970 org.springframework.test.context.cache.DefaultCacheAwareContextLoaderDelegate loadContext - Storing ApplicationContext [29183965] in cache under key [[MergedContextConfiguration@7c729a55 testClass = Test_Spring_JUnit, locations = '{file:src/main/webapp/WEB-INF/spring/appServlet/root-context.xml}', classes = '{}', contextInitializerClasses = '[]', activeProfiles = '{}', propertySourceLocations = '{}', propertySourceProperties = '{}', contextCustomizers = set[[empty]], contextLoader = 'org.springframework.test.context.support.DelegatingSmartContextLoader', parent = [null]]]
[DEBUG] 2024-06-25 12:01:41,971 org.springframework.test.context.cache logStatistics - Spring test ApplicationContext cache statistics: [DefaultContextCache@5b64c4b7 size = 1, maxSize = 32, parentContextCount = 0, hitCount = 0, missCount = 1]
[DEBUG] 2024-06-25 12:01:41,978 org.springframework.test.context.cache.DefaultCacheAwareContextLoaderDelegate loadContext - Retrieved ApplicationContext [29183965] from cache with key [[MergedContextConfiguration@7c729a55 testClass = Test_Spring_JUnit, locations = '{file:src/main/webapp/WEB-INF/spring/appServlet/root-context.xml}', classes = '{}', contextInitializerClasses = '[]', activeProfiles = '{}', propertySourceLocations = '{}', propertySourceProperties = '{}', contextCustomizers = set[[empty]], contextLoader = 'org.springframework.test.context.support.DelegatingSmartContextLoader', parent = [null]]]
[DEBUG] 2024-06-25 12:01:41,978 org.springframework.test.context.cache logStatistics - Spring test ApplicationContext cache statistics: [DefaultContextCache@5b64c4b7 size = 1, maxSize = 32, parentContextCount = 0, hitCount = 1, missCount = 1]
[TRACE] 2024-06-25 12:01:41,980 org.springframework.test.context.TestContextManager prepareForBeforeCallback - beforeTestMethod(): instance [com.edu.test.Test_Spring_JUnit@79924b], method [public void com.edu.test.Test_Spring_JUnit.mybatis_JUnitTest2()]
[DEBUG] 2024-06-25 12:01:41,981 org.springframework.test.context.support.AbstractDirtiesContextTestExecutionListener beforeOrAfterTestMethod - Before test method: context [DefaultTestContext@47af7f3d testClass = Test_Spring_JUnit, testInstance = com.edu.test.Test_Spring_JUnit@79924b, testMethod = mybatis_JUnitTest2@Test_Spring_JUnit, testException = [null], mergedContextConfiguration = [MergedContextConfiguration@7c729a55 testClass = Test_Spring_JUnit, locations = '{file:src/main/webapp/WEB-INF/spring/appServlet/root-context.xml}', classes = '{}', contextInitializerClasses = '[]', activeProfiles = '{}', propertySourceLocations = '{}', propertySourceProperties = '{}', contextCustomizers = set[[empty]], contextLoader = 'org.springframework.test.context.support.DelegatingSmartContextLoader', parent = [null]], attributes = map['org.springframework.test.context.event.ApplicationEventsTestExecutionListener.recordApplicationEvents' -> false]], class annotated with @DirtiesContext [false] with mode [null], method annotated with @DirtiesContext [false] with mode [null].
[DEBUG] 2024-06-25 12:01:41,986 org.springframework.test.context.cache.DefaultCacheAwareContextLoaderDelegate loadContext - Retrieved ApplicationContext [29183965] from cache with key [[MergedContextConfiguration@7c729a55 testClass = Test_Spring_JUnit, locations = '{file:src/main/webapp/WEB-INF/spring/appServlet/root-context.xml}', classes = '{}', contextInitializerClasses = '[]', activeProfiles = '{}', propertySourceLocations = '{}', propertySourceProperties = '{}', contextCustomizers = set[[empty]], contextLoader = 'org.springframework.test.context.support.DelegatingSmartContextLoader', parent = [null]]]
[DEBUG] 2024-06-25 12:01:41,986 org.springframework.test.context.cache logStatistics - Spring test ApplicationContext cache statistics: [DefaultContextCache@5b64c4b7 size = 1, maxSize = 32, parentContextCount = 0, hitCount = 2, missCount = 1]
[TRACE] 2024-06-25 12:01:41,986 org.springframework.test.context.TestContextManager prepareForBeforeCallback - beforeTestExecution(): instance [com.edu.test.Test_Spring_JUnit@79924b], method [public void com.edu.test.Test_Spring_JUnit.mybatis_JUnitTest2()]
[DEBUG] 2024-06-25 12:01:41,987 org.springframework.test.context.cache.DefaultCacheAwareContextLoaderDelegate loadContext - Retrieved ApplicationContext [29183965] from cache with key [[MergedContextConfiguration@7c729a55 testClass = Test_Spring_JUnit, locations = '{file:src/main/webapp/WEB-INF/spring/appServlet/root-context.xml}', classes = '{}', contextInitializerClasses = '[]', activeProfiles = '{}', propertySourceLocations = '{}', propertySourceProperties = '{}', contextCustomizers = set[[empty]], contextLoader = 'org.springframework.test.context.support.DelegatingSmartContextLoader', parent = [null]]]
[DEBUG] 2024-06-25 12:01:41,987 org.springframework.test.context.cache logStatistics - Spring test ApplicationContext cache statistics: [DefaultContextCache@5b64c4b7 size = 1, maxSize = 32, parentContextCount = 0, hitCount = 3, missCount = 1]
[DEBUG] 2024-06-25 12:01:41,988 org.mybatis.spring.SqlSessionUtils debug - Creating a new SqlSession
[DEBUG] 2024-06-25 12:01:41,992 org.mybatis.spring.SqlSessionUtils debug - SqlSession [org.apache.ibatis.session.defaults.DefaultSqlSession@3efe7086] was not registered for synchronization because synchronization is not active
[DEBUG] 2024-06-25 12:01:41,996 org.springframework.jdbc.datasource.DataSourceUtils doGetConnection - Fetching JDBC Connection from DataSource
[DEBUG] 2024-06-25 12:01:42,385 org.mybatis.spring.transaction.SpringManagedTransaction debug - JDBC Connection [jdbc:oracle:thin:@localhost:1521:xe, UserName=EDU, Oracle JDBC driver] will not be managed by Spring
[DEBUG] 2024-06-25 12:01:42,392 com.min.edu.model.TestDaoImpl.selectAllEdu debug - ==>  Preparing: SELECT SEQ, ID,TITLE,CONTENT,DELFLAG,CREATEAT FROM EDUBOARD
[DEBUG] 2024-06-25 12:01:42,459 com.min.edu.model.TestDaoImpl.selectAllEdu debug - ==> Parameters: 
[TRACE] 2024-06-25 12:01:42,591 com.min.edu.model.TestDaoImpl.selectAllEdu trace - <==    Columns: SEQ, ID, TITLE, CONTENT, DELFLAG, CREATEAT
[TRACE] 2024-06-25 12:01:42,595 com.min.edu.model.TestDaoImpl.selectAllEdu trace - <==        Row: 81, ADMIN, aa, aa, Y, 2024-06-19 12:50:00
[TRACE] 2024-06-25 12:01:42,604 com.min.edu.model.TestDaoImpl.selectAllEdu trace - <==        Row: 88, HAPPY, 44, dd, N, 2024-06-19 14:30:36
[TRACE] 2024-06-25 12:01:42,604 com.min.edu.model.TestDaoImpl.selectAllEdu trace - <==        Row: 89, HAPPY, ddd, dd, N, 2024-06-19 14:31:00
[TRACE] 2024-06-25 12:01:42,605 com.min.edu.model.TestDaoImpl.selectAllEdu trace - <==        Row: 77, HAPPY11, a,  , Y, 2024-06-18 16:38:49
[TRACE] 2024-06-25 12:01:42,606 com.min.edu.model.TestDaoImpl.selectAllEdu trace - <==        Row: 80, ADMIN, aa, aa, N, 2024-06-19 12:49:08
[TRACE] 2024-06-25 12:01:42,606 com.min.edu.model.TestDaoImpl.selectAllEdu trace - <==        Row: 83, ADMIN, , qq, N, 2024-06-19 13:56:39
[TRACE] 2024-06-25 12:01:42,607 com.min.edu.model.TestDaoImpl.selectAllEdu trace - <==        Row: 84, ADMIN,  , , N, 2024-06-19 14:28:59
[TRACE] 2024-06-25 12:01:42,608 com.min.edu.model.TestDaoImpl.selectAllEdu trace - <==        Row: 85, ADMIN, abc, def, N, 2024-06-19 14:29:28
[TRACE] 2024-06-25 12:01:42,608 com.min.edu.model.TestDaoImpl.selectAllEdu trace - <==        Row: 86, HAPPY, 1, a, N, 2024-06-19 14:30:30
[TRACE] 2024-06-25 12:01:42,609 com.min.edu.model.TestDaoImpl.selectAllEdu trace - <==        Row: 92, HAPPY, a, 333333, N, 2024-06-19 14:48:45
[TRACE] 2024-06-25 12:01:42,611 com.min.edu.model.TestDaoImpl.selectAllEdu trace - <==        Row: 87, HAPPY, 11, aa, N, 2024-06-19 14:30:33
[TRACE] 2024-06-25 12:01:42,611 com.min.edu.model.TestDaoImpl.selectAllEdu trace - <==        Row: 1, HAPPY, ,    , Y, 2024-06-18 14:49:37
[TRACE] 2024-06-25 12:01:42,612 com.min.edu.model.TestDaoImpl.selectAllEdu trace - <==        Row: 2, HAPPY, ,    , Y, 2024-06-18 14:50:52
[TRACE] 2024-06-25 12:01:42,612 com.min.edu.model.TestDaoImpl.selectAllEdu trace - <==        Row: 3, HAPPY, ,    , Y, 2024-06-18 15:01:03
[TRACE] 2024-06-25 12:01:42,613 com.min.edu.model.TestDaoImpl.selectAllEdu trace - <==        Row: 4, HAPPY, ,    , N, 2024-06-18 15:01:04
[TRACE] 2024-06-25 12:01:42,614 com.min.edu.model.TestDaoImpl.selectAllEdu trace - <==        Row: 5, HAPPY, ,    , N, 2024-06-18 15:01:04
[TRACE] 2024-06-25 12:01:42,617 com.min.edu.model.TestDaoImpl.selectAllEdu trace - <==        Row: 6, HAPPY, ,    , N, 2024-06-18 15:01:04
[TRACE] 2024-06-25 12:01:42,618 com.min.edu.model.TestDaoImpl.selectAllEdu trace - <==        Row: 7, HAPPY, ,    , N, 2024-06-18 15:01:04
[TRACE] 2024-06-25 12:01:42,618 com.min.edu.model.TestDaoImpl.selectAllEdu trace - <==        Row: 8, HAPPY, ,    , N, 2024-06-18 15:01:04
[TRACE] 2024-06-25 12:01:42,619 com.min.edu.model.TestDaoImpl.selectAllEdu trace - <==        Row: 9, HAPPY, ,    , N, 2024-06-18 15:01:04
[TRACE] 2024-06-25 12:01:42,620 com.min.edu.model.TestDaoImpl.selectAllEdu trace - <==        Row: 10, HAPPY, ,    , Y, 2024-06-18 15:01:04
[TRACE] 2024-06-25 12:01:42,621 com.min.edu.model.TestDaoImpl.selectAllEdu trace - <==        Row: 11, HAPPY, ,    , N, 2024-06-18 15:01:04
[TRACE] 2024-06-25 12:01:42,621 com.min.edu.model.TestDaoImpl.selectAllEdu trace - <==        Row: 78, ADMIN, aaa, aaa, N, 2024-06-19 12:45:49
[TRACE] 2024-06-25 12:01:42,622 com.min.edu.model.TestDaoImpl.selectAllEdu trace - <==        Row: 79, ADMIN, aa, aa, N, 2024-06-19 12:47:44
[TRACE] 2024-06-25 12:01:42,622 com.min.edu.model.TestDaoImpl.selectAllEdu trace - <==        Row: 82, ADMIN, ss, sqkqh, Y, 2024-06-19 12:51:05
[TRACE] 2024-06-25 12:01:42,623 com.min.edu.model.TestDaoImpl.selectAllEdu trace - <==        Row: 90, HAPPY, a, a, N, 2024-06-19 14:37:54
[TRACE] 2024-06-25 12:01:42,623 com.min.edu.model.TestDaoImpl.selectAllEdu trace - <==        Row: 91, HAPPY, a, a, N, 2024-06-19 14:38:49
[TRACE] 2024-06-25 12:01:42,624 com.min.edu.model.TestDaoImpl.selectAllEdu trace - <==        Row: 93, ADMIN, 55, 55, Y, 2024-06-19 15:31:00
[DEBUG] 2024-06-25 12:01:42,624 com.min.edu.model.TestDaoImpl.selectAllEdu debug - <==      Total: 28
[DEBUG] 2024-06-25 12:01:42,628 org.mybatis.spring.SqlSessionUtils debug - Closing non transactional SqlSession [org.apache.ibatis.session.defaults.DefaultSqlSession@3efe7086]
[TRACE] 2024-06-25 12:01:42,628 org.springframework.test.context.TestContextManager prepareForAfterCallback - afterTestExecution(): instance [com.edu.test.Test_Spring_JUnit@79924b], method [public void com.edu.test.Test_Spring_JUnit.mybatis_JUnitTest2()], exception [null]
[DEBUG] 2024-06-25 12:01:42,629 org.springframework.test.context.cache.DefaultCacheAwareContextLoaderDelegate loadContext - Retrieved ApplicationContext [29183965] from cache with key [[MergedContextConfiguration@7c729a55 testClass = Test_Spring_JUnit, locations = '{file:src/main/webapp/WEB-INF/spring/appServlet/root-context.xml}', classes = '{}', contextInitializerClasses = '[]', activeProfiles = '{}', propertySourceLocations = '{}', propertySourceProperties = '{}', contextCustomizers = set[[empty]], contextLoader = 'org.springframework.test.context.support.DelegatingSmartContextLoader', parent = [null]]]
[DEBUG] 2024-06-25 12:01:42,630 org.springframework.test.context.cache logStatistics - Spring test ApplicationContext cache statistics: [DefaultContextCache@5b64c4b7 size = 1, maxSize = 32, parentContextCount = 0, hitCount = 4, missCount = 1]
[TRACE] 2024-06-25 12:01:42,630 org.springframework.test.context.TestContextManager prepareForAfterCallback - afterTestMethod(): instance [com.edu.test.Test_Spring_JUnit@79924b], method [public void com.edu.test.Test_Spring_JUnit.mybatis_JUnitTest2()], exception [null]
[DEBUG] 2024-06-25 12:01:42,631 org.springframework.test.context.cache.DefaultCacheAwareContextLoaderDelegate loadContext - Retrieved ApplicationContext [29183965] from cache with key [[MergedContextConfiguration@7c729a55 testClass = Test_Spring_JUnit, locations = '{file:src/main/webapp/WEB-INF/spring/appServlet/root-context.xml}', classes = '{}', contextInitializerClasses = '[]', activeProfiles = '{}', propertySourceLocations = '{}', propertySourceProperties = '{}', contextCustomizers = set[[empty]], contextLoader = 'org.springframework.test.context.support.DelegatingSmartContextLoader', parent = [null]]]
[DEBUG] 2024-06-25 12:01:42,631 org.springframework.test.context.cache logStatistics - Spring test ApplicationContext cache statistics: [DefaultContextCache@5b64c4b7 size = 1, maxSize = 32, parentContextCount = 0, hitCount = 5, missCount = 1]
[DEBUG] 2024-06-25 12:01:42,632 org.springframework.test.context.support.AbstractDirtiesContextTestExecutionListener beforeOrAfterTestMethod - After test method: context [DefaultTestContext@47af7f3d testClass = Test_Spring_JUnit, testInstance = com.edu.test.Test_Spring_JUnit@79924b, testMethod = mybatis_JUnitTest2@Test_Spring_JUnit, testException = [null], mergedContextConfiguration = [MergedContextConfiguration@7c729a55 testClass = Test_Spring_JUnit, locations = '{file:src/main/webapp/WEB-INF/spring/appServlet/root-context.xml}', classes = '{}', contextInitializerClasses = '[]', activeProfiles = '{}', propertySourceLocations = '{}', propertySourceProperties = '{}', contextCustomizers = set[[empty]], contextLoader = 'org.springframework.test.context.support.DelegatingSmartContextLoader', parent = [null]], attributes = map['org.springframework.test.context.event.ApplicationEventsTestExecutionListener.recordApplicationEvents' -> false]], class annotated with @DirtiesContext [false] with mode [null], method annotated with @DirtiesContext [false] with mode [null].
[TRACE] 2024-06-25 12:01:42,632 org.springframework.test.context.TestContextManager afterTestClass - afterTestClass(): class [com.edu.test.Test_Spring_JUnit]
[DEBUG] 2024-06-25 12:01:42,632 org.springframework.test.context.cache.DefaultCacheAwareContextLoaderDelegate loadContext - Retrieved ApplicationContext [29183965] from cache with key [[MergedContextConfiguration@7c729a55 testClass = Test_Spring_JUnit, locations = '{file:src/main/webapp/WEB-INF/spring/appServlet/root-context.xml}', classes = '{}', contextInitializerClasses = '[]', activeProfiles = '{}', propertySourceLocations = '{}', propertySourceProperties = '{}', contextCustomizers = set[[empty]], contextLoader = 'org.springframework.test.context.support.DelegatingSmartContextLoader', parent = [null]]]
[DEBUG] 2024-06-25 12:01:42,632 org.springframework.test.context.cache logStatistics - Spring test ApplicationContext cache statistics: [DefaultContextCache@5b64c4b7 size = 1, maxSize = 32, parentContextCount = 0, hitCount = 6, missCount = 1]
[DEBUG] 2024-06-25 12:01:42,633 org.springframework.test.context.support.AbstractDirtiesContextTestExecutionListener beforeOrAfterTestClass - After test class: context [DefaultTestContext@47af7f3d testClass = Test_Spring_JUnit, testInstance = [null], testMethod = [null], testException = [null], mergedContextConfiguration = [MergedContextConfiguration@7c729a55 testClass = Test_Spring_JUnit, locations = '{file:src/main/webapp/WEB-INF/spring/appServlet/root-context.xml}', classes = '{}', contextInitializerClasses = '[]', activeProfiles = '{}', propertySourceLocations = '{}', propertySourceProperties = '{}', contextCustomizers = set[[empty]], contextLoader = 'org.springframework.test.context.support.DelegatingSmartContextLoader', parent = [null]], attributes = map['org.springframework.test.context.event.ApplicationEventsTestExecutionListener.recordApplicationEvents' -> false]], class annotated with @DirtiesContext [false] with mode [null].
